{
  "stats": {
    "suites": 1,
    "tests": 1,
    "passes": 1,
    "pending": 0,
    "failures": 0,
    "start": "2022-01-26T11:48:39.783Z",
    "end": "2022-01-26T11:48:57.074Z",
    "duration": 17291,
    "testsRegistered": 1,
    "passPercent": 100,
    "pendingPercent": 0,
    "other": 0,
    "hasOther": false,
    "skipped": 0,
    "hasSkipped": false
  },
  "results": [
    {
      "uuid": "a329ffec-7a40-476e-8f46-539ad64d5c73",
      "title": "",
      "fullFile": "cypress/integration/com.techproed/smokeTest/day01_login_test.js",
      "file": "cypress/integration/com.techproed/smokeTest/day01_login_test.js",
      "beforeHooks": [],
      "afterHooks": [],
      "tests": [],
      "suites": [
        {
          "uuid": "7472cab8-974b-4d1a-89ce-3f1f83884204",
          "title": "concort hotel",
          "fullFile": "",
          "file": "",
          "beforeHooks": [],
          "afterHooks": [],
          "tests": [
            {
              "title": "URL test1",
              "fullTitle": "concort hotel URL test1",
              "timedOut": null,
              "duration": 14485,
              "state": "passed",
              "speed": "slow",
              "pass": true,
              "fail": false,
              "pending": false,
              "context": null,
              "code": "cy.visit('https://qa-environment.concorthotel.com/'); //seleniundaki get gibi\n//login e tikla\n//1.yol\n//  cy.get('#navLogon > .nav-link').click()\n//2.yol\ncy.contains('Log in').click(); //contains()elementi text olarak bulur\n//username; manager\ncy.get('#UserName').type('manager'); //password;Manager2!\ncy.get('#Password').type('Manager1!'); //login click\ncy.get('#btnSubmit').click();",
              "err": {},
              "uuid": "c1e30790-3235-4977-bcdf-6f16c9766f1c",
              "parentUUID": "7472cab8-974b-4d1a-89ce-3f1f83884204",
              "isHook": false,
              "skipped": false
            }
          ],
          "suites": [],
          "passes": [
            "c1e30790-3235-4977-bcdf-6f16c9766f1c"
          ],
          "failures": [],
          "pending": [],
          "skipped": [],
          "duration": 14485,
          "root": false,
          "rootEmpty": false,
          "_timeout": 2000
        }
      ],
      "passes": [],
      "failures": [],
      "pending": [],
      "skipped": [],
      "duration": 0,
      "root": true,
      "rootEmpty": true,
      "_timeout": 2000
    }
  ],
  "meta": {
    "mocha": {
      "version": "7.0.1"
    },
    "mochawesome": {
      "options": {
        "quiet": false,
        "reportFilename": "report",
        "saveHtml": true,
        "saveJson": true,
        "consoleReporter": "spec",
        "useInlineDiffs": false,
        "code": true
      },
      "version": "7.0.1"
    },
    "marge": {
      "options": {
        "reportDir": "cypress/reports",
        "reportFilename": "report",
        "overwrite": false,
        "html": true,
        "json": true,
        "charts": true
      },
      "version": "6.0.1"
    }
  }
}