{
  "stats": {
    "suites": 1,
    "tests": 1,
    "passes": 1,
    "pending": 0,
    "failures": 0,
    "start": "2022-01-25T20:11:37.846Z",
    "end": "2022-01-25T20:12:20.522Z",
    "duration": 42676,
    "testsRegistered": 1,
    "passPercent": 100,
    "pendingPercent": 0,
    "other": 0,
    "hasOther": false,
    "skipped": 0,
    "hasSkipped": false
  },
  "results": [
    {
      "uuid": "1d728b49-050f-4c1d-a5c7-f428b529d1b6",
      "title": "",
      "fullFile": "cypress/integration/com.techproed/day01_login_test.js",
      "file": "cypress/integration/com.techproed/day01_login_test.js",
      "beforeHooks": [],
      "afterHooks": [],
      "tests": [],
      "suites": [
        {
          "uuid": "ca994fd0-15bd-4e1d-a127-e50daf3980e8",
          "title": "concort hotel",
          "fullFile": "",
          "file": "",
          "beforeHooks": [],
          "afterHooks": [],
          "tests": [
            {
              "title": "URL test1",
              "fullTitle": "concort hotel URL test1",
              "timedOut": null,
              "duration": 31244,
              "state": "passed",
              "speed": "slow",
              "pass": true,
              "fail": false,
              "pending": false,
              "context": null,
              "code": "cy.visit('https://qa-environment.concorthotel.com/'); //seleniundaki get gibi\n//login e tikla\n//1.yol\n//  cy.get('#navLogon > .nav-link').click()\n//2.yol\ncy.contains('Log in').click(); //contains()elementi text olarak bulur\n//username; manager\ncy.get('#UserName').type('manager'); //password;Manager2!\ncy.get('#Password').type('Manager1!'); //login click\ncy.get('#btnSubmit').click();",
              "err": {},
              "uuid": "d01b06dc-a275-41a7-9599-86134ae8af81",
              "parentUUID": "ca994fd0-15bd-4e1d-a127-e50daf3980e8",
              "isHook": false,
              "skipped": false
            }
          ],
          "suites": [],
          "passes": [
            "d01b06dc-a275-41a7-9599-86134ae8af81"
          ],
          "failures": [],
          "pending": [],
          "skipped": [],
          "duration": 31244,
          "root": false,
          "rootEmpty": false,
          "_timeout": 2000
        }
      ],
      "passes": [],
      "failures": [],
      "pending": [],
      "skipped": [],
      "duration": 0,
      "root": true,
      "rootEmpty": true,
      "_timeout": 2000
    }
  ],
  "meta": {
    "mocha": {
      "version": "7.0.1"
    },
    "mochawesome": {
      "options": {
        "quiet": false,
        "reportFilename": "report",
        "saveHtml": true,
        "saveJson": true,
        "consoleReporter": "spec",
        "useInlineDiffs": false,
        "code": true
      },
      "version": "7.0.1"
    },
    "marge": {
      "options": {
        "reportDir": "cypress/reports",
        "reportFilename": "report",
        "overwrite": false,
        "html": true,
        "json": true,
        "charts": true
      },
      "version": "6.0.1"
    }
  }
}